[2025-04-16 06:44:10.423] [Xeno] [info] Version: Xeno - v1.1.75
[2025-04-16 06:44:10.423] [Xeno] [info] Logs stored in logs/2025-04-16_06-44-10.log
[2025-04-16 06:44:10.424] [Xeno] [debug] Client Checker thread: 0x49e37fdeb0
[2025-04-16 06:44:10.424] [Xeno] [debug] Xeno Caching thread: 0x49e37fdea0
[2025-04-16 06:44:10.424] [Xeno] [debug] WebSockets Cleaner thread: 0x49e37fde90
[2025-04-16 06:44:10.424] [Cache] [info] File: C:\Users\bozku\AppData\Local\Temp\XENO_CACHE.bin
[2025-04-16 06:44:10.424] [Xeno] [debug] Xeno Server thread: 0x49e37fde80
[2025-04-16 06:44:10.425] [Cache] [info] Reattaching to cached client PID: 16644
[2025-04-16 06:44:10.425] [Cache] [info] Loaded cache: 1 RBXClients, 0 RBXBytecode, 0 RBXMFlags, 1 RBXRenderViews
[2025-04-16 06:44:10.425] [Xeno] [info] Creating new RBXClient: 16644
[2025-04-16 06:44:10.425] [Server] [info] Listening on http://localhost:3110
[2025-04-16 06:44:10.425] [RBXClient] [info] [16644]: Initializing...
[2025-04-16 06:44:10.425] [RBXClient] [info] [16644]: Version: version-c2c9efad42eb44e5
[2025-04-16 06:44:10.425] [Xeno] [debug] Created RBXClient instance @0x17960308bd0
[2025-04-16 06:44:10.426] [Xeno] [info] Successfully created RBXClient: 16644
[2025-04-16 06:44:10.427] [RBXClient] [debug] [16644]: Getting RenderView...
[2025-04-16 06:44:10.427] [RBXClient] [info] [16644]: RenderView retrieved from Cache: 0x145ee0a16b0
[2025-04-16 06:44:10.428] [RBXClient] [debug] [16644]: DataModel: 0x145a4323860
[2025-04-16 06:44:10.431] [RBXClient] [debug] [16644]: DataModel Name: Ugc
[2025-04-16 06:44:10.432] [RBXClient] [debug] [16644]: LocalPlayer: 0x145a4e96100
[2025-04-16 06:44:10.432] [RBXClient] [debug] [16644]: LocalPlayer Name: 'Boz_61'
[2025-04-16 06:44:10.441] [RBXClient] [info] [16644]: Client was already attached; handling functions...
[2025-04-16 06:44:23.446] [WebSocket] [debug] Connection established for 'ws://echo.websocket.events'
